<?xml version="1.0" encoding="UTF-8"?>
<!-- Generated by org.testng.reporters.JUnitXMLReporter -->
<testsuite hostname="DESKTOP-PJJBKB6" ignored="0" name="Free CRM App test cases" tests="8" failures="0" timestamp="13 May 2018 05:03:54 GMT" time="191.221" errors="0">
  <testcase name="VerifyContactsLinkTest" time="0.829" classname="com.crm.qa.testcases.HomePageTest"/>
  <testcase name="VerifyCurrentUser" time="0.372" classname="com.crm.qa.testcases.HomePageTest"/>
  <testcase name="VerifyHomePageTitleTest" time="0.031" classname="com.crm.qa.testcases.HomePageTest"/>
  <testcase name="LoginPageCRMImgTest" time="0.202" classname="com.crm.qa.testcases.LoginPageTest"/>
  <testcase name="LoginPageTileTest" time="0.054" classname="com.crm.qa.testcases.LoginPageTest"/>
  <testcase name="LoginTest" time="13.64" classname="com.crm.qa.testcases.LoginPageTest"/>
  <testcase name="VerifyContactsPageLable" time="0.162" classname="com.crm.qa.testcases.ContactsPageTest"/>
  <testcase name="SelectContact" time="0.474" classname="com.crm.qa.testcases.ContactsPageTest"/>
</testsuite> <!-- Free CRM App test cases -->
